[12-09-2018 08:11:36] PayPal\Core\PayPalHttpConnection : INFO: POST https://api.sandbox.paypal.com/v1/oauth2/token
[12-09-2018 08:11:37] PayPal\Core\PayPalHttpConnection : INFO: Invalid or no certificate authority found - Retrying using bundled CA certs file
[12-09-2018 08:11:38] PayPal\Core\PayPalHttpConnection : INFO: Response Status 	: 200
[12-09-2018 08:11:38] PayPal\Core\PayPalHttpConnection : INFO: POST https://api.sandbox.paypal.com/v1/payments/payment
[12-09-2018 08:11:39] PayPal\Core\PayPalHttpConnection : INFO: Invalid or no certificate authority found - Retrying using bundled CA certs file
[12-09-2018 08:11:41] PayPal\Core\PayPalHttpConnection : INFO: Response Status 	: 201
[12-09-2018 08:12:56] PayPal\Core\PayPalHttpConnection : INFO: POST https://api.sandbox.paypal.com/v1/oauth2/token
[12-09-2018 08:12:57] PayPal\Core\PayPalHttpConnection : INFO: Invalid or no certificate authority found - Retrying using bundled CA certs file
[12-09-2018 08:12:57] PayPal\Core\PayPalHttpConnection : INFO: Response Status 	: 200
[12-09-2018 08:12:57] PayPal\Core\PayPalHttpConnection : INFO: POST https://api.sandbox.paypal.com/v1/payments/payment
[12-09-2018 08:12:58] PayPal\Core\PayPalHttpConnection : INFO: Invalid or no certificate authority found - Retrying using bundled CA certs file
[12-09-2018 08:12:59] PayPal\Core\PayPalHttpConnection : INFO: Response Status 	: 201
[12-09-2018 08:18:15] PayPal\Core\PayPalHttpConnection : INFO: POST https://api.sandbox.paypal.com/v1/oauth2/token
[12-09-2018 08:18:16] PayPal\Core\PayPalHttpConnection : INFO: Invalid or no certificate authority found - Retrying using bundled CA certs file
[12-09-2018 08:18:17] PayPal\Core\PayPalHttpConnection : INFO: Response Status 	: 200
[12-09-2018 08:18:17] PayPal\Core\PayPalHttpConnection : INFO: POST https://api.sandbox.paypal.com/v1/payments/payment
[12-09-2018 08:18:17] PayPal\Core\PayPalHttpConnection : INFO: Invalid or no certificate authority found - Retrying using bundled CA certs file
[12-09-2018 08:18:18] PayPal\Core\PayPalHttpConnection : INFO: Response Status 	: 201
[12-09-2018 08:44:27] PayPal\Core\PayPalHttpConnection : INFO: POST https://api.sandbox.paypal.com/v1/oauth2/token
[12-09-2018 08:44:28] PayPal\Core\PayPalHttpConnection : INFO: Invalid or no certificate authority found - Retrying using bundled CA certs file
[12-09-2018 08:44:29] PayPal\Core\PayPalHttpConnection : INFO: Response Status 	: 200
[12-09-2018 08:44:29] PayPal\Core\PayPalHttpConnection : INFO: POST https://api.sandbox.paypal.com/v1/payments/payment
[12-09-2018 08:44:29] PayPal\Core\PayPalHttpConnection : INFO: Invalid or no certificate authority found - Retrying using bundled CA certs file
[12-09-2018 08:44:31] PayPal\Core\PayPalHttpConnection : INFO: Response Status 	: 201
[12-09-2018 08:50:44] PayPal\Core\PayPalHttpConnection : INFO: POST https://api.sandbox.paypal.com/v1/oauth2/token
[12-09-2018 08:50:45] PayPal\Core\PayPalHttpConnection : INFO: Invalid or no certificate authority found - Retrying using bundled CA certs file
[12-09-2018 08:50:45] PayPal\Core\PayPalHttpConnection : INFO: Response Status 	: 200
[12-09-2018 08:50:45] PayPal\Core\PayPalHttpConnection : INFO: POST https://api.sandbox.paypal.com/v1/payments/payment
[12-09-2018 08:50:46] PayPal\Core\PayPalHttpConnection : INFO: Invalid or no certificate authority found - Retrying using bundled CA certs file
[12-09-2018 08:50:47] PayPal\Core\PayPalHttpConnection : INFO: Response Status 	: 201
[12-09-2018 09:10:12] PayPal\Core\PayPalHttpConnection : INFO: POST https://api.sandbox.paypal.com/v1/oauth2/token
[12-09-2018 09:10:12] PayPal\Core\PayPalHttpConnection : INFO: Invalid or no certificate authority found - Retrying using bundled CA certs file
[12-09-2018 09:10:13] PayPal\Core\PayPalHttpConnection : INFO: Response Status 	: 200
[12-09-2018 09:10:13] PayPal\Core\PayPalHttpConnection : INFO: POST https://api.sandbox.paypal.com/v1/payment-experience/web-profiles/
[12-09-2018 09:10:14] PayPal\Core\PayPalHttpConnection : INFO: Invalid or no certificate authority found - Retrying using bundled CA certs file
[12-09-2018 09:10:15] PayPal\Core\PayPalHttpConnection : INFO: Response Status 	: 201
[12-09-2018 09:10:15] PayPal\Core\PayPalHttpConnection : INFO: POST https://api.sandbox.paypal.com/v1/oauth2/token
[12-09-2018 09:10:15] PayPal\Core\PayPalHttpConnection : INFO: Invalid or no certificate authority found - Retrying using bundled CA certs file
[12-09-2018 09:10:17] PayPal\Core\PayPalHttpConnection : INFO: Response Status 	: 200
[12-09-2018 09:10:17] PayPal\Core\PayPalHttpConnection : INFO: POST https://api.sandbox.paypal.com/v1/payments/payment
[12-09-2018 09:10:17] PayPal\Core\PayPalHttpConnection : INFO: Invalid or no certificate authority found - Retrying using bundled CA certs file
[12-09-2018 09:10:19] PayPal\Core\PayPalHttpConnection : INFO: Response Status 	: 201
